[0m10:06:29.423101 [debug] [MainThread]: Sending event: {'category': 'dbt', 'action': 'invocation', 'label': 'start', 'context': [<snowplow_tracker.self_describing_json.SelfDescribingJson object at 0x104c84bd0>, <snowplow_tracker.self_describing_json.SelfDescribingJson object at 0x10964bc10>, <snowplow_tracker.self_describing_json.SelfDescribingJson object at 0x10964bf90>]}


============================== 10:06:29.427769 | 839adbba-fd46-4d42-aee4-2418d1eb8e82 ==============================
[0m10:06:29.427769 [info ] [MainThread]: Running with dbt=1.11.11
[0m10:06:29.428077 [debug] [MainThread]: running dbt with arguments {'no_print': 'None', 'fail_fast': 'False', 'log_format': 'default', 'use_colors': 'True', 'write_json': 'True', 'quiet': 'False', 'use_experimental_parser': 'False', 'warn_error_options': 'WarnErrorOptionsV2(error=[], warn=[], silence=[])', 'introspect': 'True', 'send_anonymous_usage_stats': 'True', 'cache_selected_only': 'False', 'version_check': 'True', 'empty': 'None', 'log_path': 'logs', 'printer_width': '80', 'log_cache_events': 'False', 'indirect_selection': 'eager', 'static_parser': 'True', 'partial_parse': 'True', 'profiles_dir': '/Users/tk/.dbt', 'target_path': 'None', 'warn_error': 'None', 'debug': 'False', 'invocation_command': 'dbt init cms_medicare'}
[0m10:06:29.438649 [info ] [MainThread]: Creating dbt configuration folder at /Users/tk/.dbt
[0m10:06:29.440272 [debug] [MainThread]: Starter project path: /Users/tk/dbt-env/lib/python3.11/site-packages/dbt/include/starter_project
[0m10:06:29.443948 [info ] [MainThread]: 
Your new dbt project "cms_medicare" was created!

For more information on how to configure the profiles.yml file,
please consult the dbt documentation here:

  https://docs.getdbt.com/docs/configure-your-profile

One more thing:

Need help? Don't hesitate to reach out to us via GitHub issues or on Slack:

  https://community.getdbt.com/

Happy modeling!

[0m10:06:29.444129 [info ] [MainThread]: Setting up your profile.
[0m10:07:01.264782 [info ] [MainThread]: Profile cms_medicare written to /Users/tk/.dbt/profiles.yml using target's sample configuration. Once updated, you'll be able to start developing with dbt.
[0m10:07:01.407553 [debug] [MainThread]: Resource report: {"command_name": "init", "command_success": true, "command_wall_clock_time": 32.020782, "process_in_blocks": "0", "process_kernel_time": 0.12879, "process_mem_max_rss": "114671616", "process_out_blocks": "0", "process_user_time": 0.650699}
[0m10:07:01.407897 [debug] [MainThread]: Command `dbt init` succeeded at 10:07:01.407840 after 32.02 seconds
[0m10:07:01.408167 [debug] [MainThread]: Sending event: {'category': 'dbt', 'action': 'invocation', 'label': 'end', 'context': [<snowplow_tracker.self_describing_json.SelfDescribingJson object at 0x1096a4510>, <snowplow_tracker.self_describing_json.SelfDescribingJson object at 0x1096a40d0>, <snowplow_tracker.self_describing_json.SelfDescribingJson object at 0x109508750>]}
[0m10:07:01.408569 [debug] [MainThread]: Flushing usage events
[0m10:07:01.561367 [debug] [MainThread]: An error was encountered while trying to flush usage events
